#
# There is insufficient memory for the Java Runtime Environment to continue.
# Native memory allocation (mmap) failed to map 402653184 bytes. Error detail: G1 virtual space
# Possible reasons:
#   The system is out of physical RAM or swap space
#   This process is running with CompressedOops enabled, and the Java Heap may be blocking the growth of the native heap
# Possible solutions:
#   Reduce memory load on the system
#   Increase physical memory or swap space
#   Check if swap backing store is full
#   Decrease Java heap size (-Xmx/-Xms)
#   Decrease number of Java threads
#   Decrease Java thread stack sizes (-Xss)
#   Set larger code cache with -XX:ReservedCodeCacheSize=
#   JVM is running with Zero Based Compressed Oops mode in which the Java heap is
#     placed in the first 32GB address space. The Java Heap base address is the
#     maximum limit for the native heap growth. Please use -XX:HeapBaseMinAddress
#     to set the Java Heap base and to place the Java Heap above 32GB virtual address.
# This output file may be truncated or incomplete.
#
#  Out of Memory Error (os_windows.cpp:3898), pid=11452, tid=30308
#
# JRE version:  (21.0.7+9) (build )
# Java VM: OpenJDK 64-Bit Server VM (21.0.7+9-b895.130, mixed mode, sharing, tiered, compressed oops, compressed class ptrs, g1 gc, windows-amd64)
# No core dump will be written. Minidumps are not enabled by default on client versions of Windows
#

---------------  S U M M A R Y ------------

Command Line: git4idea.http.GitAskPassApp Username for 'https://github.com': 

Host: AMD Ryzen 5 5500                               , 12 cores, 23G,  Windows 11 , 64 bit Build 26100 (10.0.26100.4202)
Time: Fri Jul 18 21:28:05 2025 SE Asia Standard Time elapsed time: 1.036887 seconds (0d 0h 0m 1s)

---------------  T H R E A D  ---------------

Current thread (0x000001cdcdebf290):  JavaThread "Unknown thread" [_thread_in_vm, id=30308, stack(0x000000b155000000,0x000000b155100000) (1024K)]

Stack: [0x000000b155000000,0x000000b155100000]
Native frames: (J=compiled Java code, j=interpreted, Vv=VM code, C=native code)
V  [jvm.dll+0x6e6049]
V  [jvm.dll+0x8c4343]
V  [jvm.dll+0x8c689e]
V  [jvm.dll+0x8c6f83]
V  [jvm.dll+0x289266]
V  [jvm.dll+0x6e28c5]
V  [jvm.dll+0x6d634a]
V  [jvm.dll+0x36388b]
V  [jvm.dll+0x36b456]
V  [jvm.dll+0x3bd7e6]
V  [jvm.dll+0x3bdab8]
V  [jvm.dll+0x335fdc]
V  [jvm.dll+0x336ccb]
V  [jvm.dll+0x88b7a9]
V  [jvm.dll+0x3ca9b8]
V  [jvm.dll+0x8747f8]
V  [jvm.dll+0x45f3ce]
V  [jvm.dll+0x4610b1]
C  [jli.dll+0x52ab]
C  [ucrtbase.dll+0x37b0]
C  [KERNEL32.DLL+0x2e8d7]
C  [ntdll.dll+0x3c34c]


---------------  P R O C E S S  ---------------

Threads class SMR info:
_java_thread_list=0x00007ffabbb6b148, length=0, elements={
}

Java Threads: ( => current thread )
Total: 0

Other Threads:
  0x000001cdcdf3b1f0 WorkerThread "GC Thread#0"                     [id=17704, stack(0x000000b155100000,0x000000b155200000) (1024K)]
  0x000001cdcdf65f90 ConcurrentGCThread "G1 Main Marker"            [id=11616, stack(0x000000b155200000,0x000000b155300000) (1024K)]
  0x000001cdcdf66a90 WorkerThread "G1 Conc#0"                       [id=10316, stack(0x000000b155300000,0x000000b155400000) (1024K)]

[error occurred during error reporting (printing all threads), id 0xc0000005, EXCEPTION_ACCESS_VIOLATION (0xc0000005) at pc=0x00007ffabb2590b7]
VM state: not at safepoint (not fully initialized)

VM Mutex/Monitor currently owned by a thread:  ([mutex/lock_event])
[0x00007ffabbbdfab8] Heap_lock - owner thread: 0x000001cdcdebf290

Heap address: 0x0000000682000000, size: 6112 MB, Compressed Oops mode: Zero based, Oop shift amount: 3

CDS archive(s) mapped at: [0x0000000000000000-0x0000000000000000-0x0000000000000000), size 0, SharedBaseAddress: 0x0000000800000000, ArchiveRelocationMode: 1.
Narrow klass base: 0x0000000000000000, Narrow klass shift: 0, Narrow klass range: 0x0

GC Precious Log:
 CardTable entry size: 512
 Card Set container configuration: InlinePtr #cards 4 size 8 Array Of Cards #cards 32 size 80 Howl #buckets 8 coarsen threshold 7372 Howl Bitmap #cards 1024 size 144 coarsen threshold 921 Card regions per heap region 1 cards per card region 8192

Heap:
 garbage-first heap   total 0K, used 0K [0x0000000682000000, 0x0000000800000000)
  region size 4096K, 0 young (0K), 0 survivors (0K)
 Metaspace       used 0K, committed 0K, reserved 0K
  class space    used 0K, committed 0K, reserved 0K

Heap Regions: E=young(eden), S=young(survivor), O=old, HS=humongous(starts), HC=humongous(continues), CS=collection set, F=free, TAMS=top-at-mark-start, PB=parsable bottom

Card table byte_map: [0x000001cde2040000,0x000001cde2c30000] _byte_map_base: 0x000001cddec30000

Marking Bits: (CMBitMap*) 0x000001cdcdf3b8f0
 Bits: [0x000001cde2c30000, 0x000001cde8bb0000)

GC Heap History (0 events):
No events

Dll operation events (1 events):
Event: 0.008 Loaded shared library C:\Program Files\JetBrains\IntelliJ IDEA 2025.1.3\jbr\bin\java.dll

Deoptimization events (0 events):
No events

Classes loaded (0 events):
No events

Classes unloaded (0 events):
No events

Classes redefined (0 events):
No events

Internal exceptions (0 events):
No events

ZGC Phase Switch (0 events):
No events

VM Operations (0 events):
No events

Memory protections (0 events):
No events

Nmethod flushes (0 events):
No events

Events (0 events):
No events


Dynamic libraries:
0x00007ff7ca160000 - 0x00007ff7ca16a000 	C:\Program Files\JetBrains\IntelliJ IDEA 2025.1.3\jbr\bin\java.exe
0x00007ffb18740000 - 0x00007ffb189a5000 	C:\WINDOWS\SYSTEM32\ntdll.dll
0x00007ffb17cf0000 - 0x00007ffb17db9000 	C:\WINDOWS\System32\KERNEL32.DLL
0x00007ffb15890000 - 0x00007ffb15c78000 	C:\WINDOWS\System32\KERNELBASE.dll
0x00007ffb15e20000 - 0x00007ffb15f6b000 	C:\WINDOWS\System32\ucrtbase.dll
0x00007ffb108f0000 - 0x00007ffb1090b000 	C:\Program Files\JetBrains\IntelliJ IDEA 2025.1.3\jbr\bin\VCRUNTIME140.dll
0x00007ffb03730000 - 0x00007ffb03748000 	C:\Program Files\JetBrains\IntelliJ IDEA 2025.1.3\jbr\bin\jli.dll
0x00007ffb164f0000 - 0x00007ffb166ba000 	C:\WINDOWS\System32\USER32.dll
0x00007ffb15df0000 - 0x00007ffb15e17000 	C:\WINDOWS\System32\win32u.dll
0x00007ffafc290000 - 0x00007ffafc52a000 	C:\WINDOWS\WinSxS\amd64_microsoft.windows.common-controls_6595b64144ccf1df_6.0.26100.4202_none_3e0698d4e335f517\COMCTL32.dll
0x00007ffb16c70000 - 0x00007ffb16c9b000 	C:\WINDOWS\System32\GDI32.dll
0x00007ffb17b50000 - 0x00007ffb17bf9000 	C:\WINDOWS\System32\msvcrt.dll
0x00007ffb163a0000 - 0x00007ffb164d7000 	C:\WINDOWS\System32\gdi32full.dll
0x00007ffb15d40000 - 0x00007ffb15de3000 	C:\WINDOWS\System32\msvcp_win.dll
0x00007ffb16ca0000 - 0x00007ffb16cd0000 	C:\WINDOWS\System32\IMM32.DLL
0x00007ffb107e0000 - 0x00007ffb107ec000 	C:\Program Files\JetBrains\IntelliJ IDEA 2025.1.3\jbr\bin\vcruntime140_1.dll
0x00007ffad6c30000 - 0x00007ffad6cbd000 	C:\Program Files\JetBrains\IntelliJ IDEA 2025.1.3\jbr\bin\msvcp140.dll
0x00007ffabaf10000 - 0x00007ffabbcd1000 	C:\Program Files\JetBrains\IntelliJ IDEA 2025.1.3\jbr\bin\server\jvm.dll
0x00007ffb18640000 - 0x00007ffb186f3000 	C:\WINDOWS\System32\ADVAPI32.dll
0x00007ffb18580000 - 0x00007ffb18626000 	C:\WINDOWS\System32\sechost.dll
0x00007ffb17dc0000 - 0x00007ffb17ed5000 	C:\WINDOWS\System32\RPCRT4.dll
0x00007ffb183b0000 - 0x00007ffb18424000 	C:\WINDOWS\System32\WS2_32.dll
0x00007ffb0cd20000 - 0x00007ffb0cd55000 	C:\WINDOWS\SYSTEM32\WINMM.dll
0x00007ffb156e0000 - 0x00007ffb1573e000 	C:\WINDOWS\SYSTEM32\POWRPROF.dll
0x00007ffb0cd60000 - 0x00007ffb0cd6b000 	C:\WINDOWS\SYSTEM32\VERSION.dll
0x00007ffb156c0000 - 0x00007ffb156d4000 	C:\WINDOWS\SYSTEM32\UMPDC.dll
0x00007ffb145e0000 - 0x00007ffb145fb000 	C:\WINDOWS\SYSTEM32\kernel.appcore.dll
0x00007ffb09780000 - 0x00007ffb0978a000 	C:\Program Files\JetBrains\IntelliJ IDEA 2025.1.3\jbr\bin\jimage.dll
0x00007ffb0dde0000 - 0x00007ffb0e021000 	C:\WINDOWS\SYSTEM32\DBGHELP.DLL
0x00007ffb168e0000 - 0x00007ffb16c65000 	C:\WINDOWS\System32\combase.dll
0x00007ffb17c00000 - 0x00007ffb17ce1000 	C:\WINDOWS\System32\OLEAUT32.dll
0x00007ffb062f0000 - 0x00007ffb06329000 	C:\WINDOWS\SYSTEM32\dbgcore.DLL
0x00007ffb16000000 - 0x00007ffb16099000 	C:\WINDOWS\System32\bcryptPrimitives.dll
0x00007ffb074f0000 - 0x00007ffb07510000 	C:\Program Files\JetBrains\IntelliJ IDEA 2025.1.3\jbr\bin\java.dll

dbghelp: loaded successfully - version: 4.0.5 - missing functions: none
symbol engine: initialized successfully - sym options: 0x614 - pdb path: .;C:\Program Files\JetBrains\IntelliJ IDEA 2025.1.3\jbr\bin;C:\WINDOWS\SYSTEM32;C:\WINDOWS\WinSxS\amd64_microsoft.windows.common-controls_6595b64144ccf1df_6.0.26100.4202_none_3e0698d4e335f517;C:\Program Files\JetBrains\IntelliJ IDEA 2025.1.3\jbr\bin\server

VM Arguments:
java_command: git4idea.http.GitAskPassApp Username for 'https://github.com': 
java_class_path (initial): C:/Program Files/JetBrains/IntelliJ IDEA 2025.1.3/plugins/vcs-git/lib/git4idea-rt.jar;C:/Program Files/JetBrains/IntelliJ IDEA 2025.1.3/lib/externalProcess-rt.jar
Launcher Type: SUN_STANDARD

[Global flags]
     intx CICompilerCount                          = 4                                         {product} {ergonomic}
     uint ConcGCThreads                            = 3                                         {product} {ergonomic}
     uint G1ConcRefinementThreads                  = 10                                        {product} {ergonomic}
   size_t G1HeapRegionSize                         = 4194304                                   {product} {ergonomic}
    uintx GCDrainStackTargetSize                   = 64                                        {product} {ergonomic}
   size_t InitialHeapSize                          = 402653184                                 {product} {ergonomic}
   size_t MarkStackSize                            = 4194304                                   {product} {ergonomic}
   size_t MaxHeapSize                              = 6408896512                                {product} {ergonomic}
   size_t MinHeapDeltaBytes                        = 4194304                                   {product} {ergonomic}
   size_t MinHeapSize                              = 8388608                                   {product} {ergonomic}
    uintx NonNMethodCodeHeapSize                   = 5839372                                {pd product} {ergonomic}
    uintx NonProfiledCodeHeapSize                  = 122909434                              {pd product} {ergonomic}
    uintx ProfiledCodeHeapSize                     = 122909434                              {pd product} {ergonomic}
    uintx ReservedCodeCacheSize                    = 251658240                              {pd product} {ergonomic}
     bool SegmentedCodeCache                       = true                                      {product} {ergonomic}
   size_t SoftMaxHeapSize                          = 6408896512                             {manageable} {ergonomic}
     bool UseCompressedOops                        = true                           {product lp64_product} {ergonomic}
     bool UseG1GC                                  = true                                      {product} {ergonomic}
     bool UseLargePagesIndividualAllocation        = false                                  {pd product} {ergonomic}

Logging:
Log output configuration:
 #0: stdout all=warning uptime,level,tags foldmultilines=false
 #1: stderr all=off uptime,level,tags foldmultilines=false

Environment Variables:
PATH=C:\WINDOWS\system32;C:\WINDOWS;C:\WINDOWS\System32\Wbem;C:\WINDOWS\System32\WindowsPowerShell\v1.0\;C:\WINDOWS\System32\OpenSSH\;C:\Program Files\Git\cmd;C:\Program Files\Docker\Docker\resources\bin;C:\Users\Agung Prastyo\AppData\Local\Microsoft\WindowsApps;;C:\Program Files\JetBrains\IntelliJ IDEA 2025.1.3\bin;
USERNAME=Agung Prastyo
OS=Windows_NT
PROCESSOR_IDENTIFIER=AMD64 Family 25 Model 80 Stepping 0, AuthenticAMD
TMP=C:\Users\AGUNGP~1\AppData\Local\Temp
TEMP=C:\Users\AGUNGP~1\AppData\Local\Temp




Periodic native trim disabled

JNI global refs:
JNI global refs: 0, weak refs: 0

JNI global refs memory usage: 0, weak refs: 0

Process memory usage:
Resident Set Size: 13648K (0% of 25031404K total physical memory with 1930304K free physical memory)

OOME stack traces (most recent first):
Classloader memory used:

---------------  S Y S T E M  ---------------

OS:
 Windows 11 , 64 bit Build 26100 (10.0.26100.4202)
OS uptime: 9 days 23:45 hours
Hyper-V role detected

CPU: total 12 (initial active 12) (12 cores per cpu, 2 threads per core) family 25 model 80 stepping 0 microcode 0xa500011, cx8, cmov, fxsr, ht, mmx, 3dnowpref, sse, sse2, sse3, ssse3, sse4a, sse4.1, sse4.2, popcnt, lzcnt, tsc, tscinvbit, avx, avx2, aes, erms, clmul, bmi1, bmi2, adx, sha, fma, vzeroupper, clflush, clflushopt, hv, rdtscp, rdpid, fsrm, f16c, cet_ss
Processor Information for the first 12 processors :
  Max Mhz: 3600, Current Mhz: 3600, Mhz Limit: 3600

Memory: 4k page, system-wide physical 24444M (1878M free)
TotalPageFile size 39612M (AvailPageFile size 78M)
current process WorkingSet (physical memory assigned to process): 13M, peak: 13M
current process commit charge ("private bytes"): 64M, peak: 448M

vm_info: OpenJDK 64-Bit Server VM (21.0.7+9-b895.130) for windows-amd64 JRE (21.0.7+9-b895.130), built on 2025-05-13 by "builduser" with MS VC++ 16.10 / 16.11 (VS2019)

END.
